2020-07-06 10:08:53,455 INFO o.a.j.u.JMeterUtils: Setting Locale to en_EN
2020-07-06 10:08:53,492 INFO o.a.j.JMeter: Loading user properties from: /Users/xmly/tools/apache-jmeter-5.1.1/bin/user.properties
2020-07-06 10:08:53,492 INFO o.a.j.JMeter: Loading system properties from: /Users/xmly/tools/apache-jmeter-5.1.1/bin/system.properties
2020-07-06 10:08:53,500 INFO o.a.j.JMeter: Copyright (c) 1998-2019 The Apache Software Foundation
2020-07-06 10:08:53,500 INFO o.a.j.JMeter: Version 5.1.1 r1855137
2020-07-06 10:08:53,500 INFO o.a.j.JMeter: java.version=1.8.0_201
2020-07-06 10:08:53,500 INFO o.a.j.JMeter: java.vm.name=Java HotSpot(TM) 64-Bit Server VM
2020-07-06 10:08:53,500 INFO o.a.j.JMeter: os.name=Mac OS X
2020-07-06 10:08:53,501 INFO o.a.j.JMeter: os.arch=x86_64
2020-07-06 10:08:53,501 INFO o.a.j.JMeter: os.version=10.14.5
2020-07-06 10:08:53,501 INFO o.a.j.JMeter: file.encoding=UTF-8
2020-07-06 10:08:53,501 INFO o.a.j.JMeter: java.awt.headless=null
2020-07-06 10:08:53,501 INFO o.a.j.JMeter: Max memory     =1073741824
2020-07-06 10:08:53,501 INFO o.a.j.JMeter: Available Processors =4
2020-07-06 10:08:53,507 INFO o.a.j.JMeter: Default Locale=English (EN)
2020-07-06 10:08:53,508 INFO o.a.j.JMeter: JMeter  Locale=English (EN)
2020-07-06 10:08:53,508 INFO o.a.j.JMeter: JMeterHome=/Users/xmly/tools/apache-jmeter-5.1.1
2020-07-06 10:08:53,508 INFO o.a.j.JMeter: user.dir  =/Users/xmly/python/mysite
2020-07-06 10:08:53,508 INFO o.a.j.JMeter: PWD       =/Users/xmly/python/mysite
2020-07-06 10:08:58,514 INFO o.a.j.JMeter: IP: 192.168.105.237 Name: xmlydeMacBook-Pro.local FullName: 192.168.105.237
2020-07-06 10:09:01,582 INFO o.a.j.g.a.LookAndFeelCommand: Installing Darcula LAF
2020-07-06 10:09:01,627 INFO o.a.j.g.a.LookAndFeelCommand: Using look and feel: com.bulenkov.darcula.DarculaLaf [Darcula]
2020-07-06 10:09:01,627 INFO o.a.j.JMeter: Setting LAF to: com.bulenkov.darcula.DarculaLaf
2020-07-06 10:09:01,759 INFO o.a.j.JMeter: Loaded icon properties from org/apache/jmeter/images/icon.properties
2020-07-06 10:09:04,615 INFO k.a.j.JMeterPluginsUtils: JMeter-Plugins.org v.1.4.0
2020-07-06 10:09:04,778 WARN o.a.j.g.u.MenuFactory: Could not instantiate class: kg.apc.jmeter.reporters.LoadosophiaUploaderGui
java.lang.reflect.InvocationTargetException: null
	at sun.reflect.NativeConstructorAccessorImpl.newInstance0(Native Method) ~[?:1.8.0_201]
	at sun.reflect.NativeConstructorAccessorImpl.newInstance(NativeConstructorAccessorImpl.java:62) ~[?:1.8.0_201]
	at sun.reflect.DelegatingConstructorAccessorImpl.newInstance(DelegatingConstructorAccessorImpl.java:45) ~[?:1.8.0_201]
	at java.lang.reflect.Constructor.newInstance(Constructor.java:423) ~[?:1.8.0_201]
	at org.apache.jmeter.gui.util.MenuFactory.getGUIComponent(MenuFactory.java:174) ~[ApacheJMeter_core.jar:5.1.1 r1855137]
	at org.apache.jmeter.gui.util.MenuFactory.initializeMenus(MenuFactory.java:141) ~[ApacheJMeter_core.jar:5.1.1 r1855137]
	at org.apache.jmeter.gui.util.MenuFactory.<clinit>(MenuFactory.java:106) ~[ApacheJMeter_core.jar:5.1.1 r1855137]
	at org.apache.jmeter.control.gui.TestPlanGui.createPopupMenu(TestPlanGui.java:92) ~[ApacheJMeter_core.jar:5.1.1 r1855137]
	at org.apache.jmeter.gui.tree.JMeterTreeNode.createPopupMenu(JMeterTreeNode.java:185) ~[ApacheJMeter_core.jar:5.1.1 r1855137]
	at org.apache.jmeter.gui.action.EditCommand.doAction(EditCommand.java:46) ~[ApacheJMeter_core.jar:5.1.1 r1855137]
	at org.apache.jmeter.gui.action.ActionRouter.performAction(ActionRouter.java:88) ~[ApacheJMeter_core.jar:5.1.1 r1855137]
	at org.apache.jmeter.gui.action.ActionRouter.lambda$actionPerformed$0(ActionRouter.java:70) ~[ApacheJMeter_core.jar:5.1.1 r1855137]
	at java.awt.event.InvocationEvent.dispatch(InvocationEvent.java:311) [?:1.8.0_201]
	at java.awt.EventQueue.dispatchEventImpl(EventQueue.java:758) [?:1.8.0_201]
	at java.awt.EventQueue.access$500(EventQueue.java:97) [?:1.8.0_201]
	at java.awt.EventQueue$3.run(EventQueue.java:709) [?:1.8.0_201]
	at java.awt.EventQueue$3.run(EventQueue.java:703) [?:1.8.0_201]
	at java.security.AccessController.doPrivileged(Native Method) [?:1.8.0_201]
	at java.security.ProtectionDomain$JavaSecurityAccessImpl.doIntersectionPrivilege(ProtectionDomain.java:74) [?:1.8.0_201]
	at java.awt.EventQueue.dispatchEvent(EventQueue.java:728) [?:1.8.0_201]
	at java.awt.EventDispatchThread.pumpOneEventForFilters(EventDispatchThread.java:205) [?:1.8.0_201]
	at java.awt.EventDispatchThread.pumpEventsForFilter(EventDispatchThread.java:116) [?:1.8.0_201]
	at java.awt.EventDispatchThread.pumpEventsForHierarchy(EventDispatchThread.java:105) [?:1.8.0_201]
	at java.awt.EventDispatchThread.pumpEvents(EventDispatchThread.java:101) [?:1.8.0_201]
	at java.awt.EventDispatchThread.pumpEvents(EventDispatchThread.java:93) [?:1.8.0_201]
	at java.awt.EventDispatchThread.run(EventDispatchThread.java:82) [?:1.8.0_201]
Caused by: java.lang.NoClassDefFoundError: org/apache/commons/httpclient/methods/multipart/PartSource
	at kg.apc.jmeter.reporters.LoadosophiaUploaderGui.init(LoadosophiaUploaderGui.java:114) ~[JMeterPlugins-Standard.jar:?]
	at kg.apc.jmeter.reporters.LoadosophiaUploaderGui.<init>(LoadosophiaUploaderGui.java:28) ~[JMeterPlugins-Standard.jar:?]
	... 26 more
Caused by: java.lang.ClassNotFoundException: org.apache.commons.httpclient.methods.multipart.PartSource
	at java.net.URLClassLoader.findClass(URLClassLoader.java:382) ~[?:1.8.0_201]
	at java.lang.ClassLoader.loadClass(ClassLoader.java:424) ~[?:1.8.0_201]
	at java.lang.ClassLoader.loadClass(ClassLoader.java:357) ~[?:1.8.0_201]
	at kg.apc.jmeter.reporters.LoadosophiaUploaderGui.init(LoadosophiaUploaderGui.java:114) ~[JMeterPlugins-Standard.jar:?]
	at kg.apc.jmeter.reporters.LoadosophiaUploaderGui.<init>(LoadosophiaUploaderGui.java:28) ~[JMeterPlugins-Standard.jar:?]
	... 26 more
2020-07-06 10:09:05,737 INFO o.a.j.p.h.s.HTTPSamplerBase: Parser for text/html is org.apache.jmeter.protocol.http.parser.LagartoBasedHtmlParser
2020-07-06 10:09:05,737 INFO o.a.j.p.h.s.HTTPSamplerBase: Parser for application/xhtml+xml is org.apache.jmeter.protocol.http.parser.LagartoBasedHtmlParser
2020-07-06 10:09:05,737 INFO o.a.j.p.h.s.HTTPSamplerBase: Parser for application/xml is org.apache.jmeter.protocol.http.parser.LagartoBasedHtmlParser
2020-07-06 10:09:05,738 INFO o.a.j.p.h.s.HTTPSamplerBase: Parser for text/xml is org.apache.jmeter.protocol.http.parser.LagartoBasedHtmlParser
2020-07-06 10:09:05,738 INFO o.a.j.p.h.s.HTTPSamplerBase: Parser for text/vnd.wap.wml is org.apache.jmeter.protocol.http.parser.RegexpHTMLParser
2020-07-06 10:09:05,738 INFO o.a.j.p.h.s.HTTPSamplerBase: Parser for text/css is org.apache.jmeter.protocol.http.parser.CssParser
2020-07-06 10:09:06,247 INFO o.a.j.e.KeyToolUtils: keytool found at 'keytool'
2020-07-06 10:09:06,247 INFO o.a.j.p.h.p.ProxyControl: HTTP(S) Test Script Recorder SSL Proxy will use keys that support embedded 3rd party resources in file /Users/xmly/tools/apache-jmeter-5.1.1/bin/proxyserver.jks
2020-07-06 10:09:06,457 INFO o.a.j.s.FileServer: Default base='/Users/xmly/python/mysite'
2020-07-06 10:09:07,227 INFO o.a.j.s.SampleResult: Note: Sample TimeStamps are START times
2020-07-06 10:09:07,228 INFO o.a.j.s.SampleResult: sampleresult.default.encoding is set to ISO-8859-1
2020-07-06 10:09:07,228 INFO o.a.j.s.SampleResult: sampleresult.useNanoTime=true
2020-07-06 10:09:07,228 INFO o.a.j.s.SampleResult: sampleresult.nanoThreadSleep=5000
2020-07-06 10:09:11,091 WARN o.j.r.Plugin: Unable to load class: kg.apc.cmdtools.ReporterTool
java.lang.NoClassDefFoundError: kg/apc/cmdtools/AbstractCMDTool
	at java.lang.ClassLoader.defineClass1(Native Method) ~[?:1.8.0_201]
	at java.lang.ClassLoader.defineClass(ClassLoader.java:763) ~[?:1.8.0_201]
	at java.security.SecureClassLoader.defineClass(SecureClassLoader.java:142) ~[?:1.8.0_201]
	at java.net.URLClassLoader.defineClass(URLClassLoader.java:468) ~[?:1.8.0_201]
	at java.net.URLClassLoader.access$100(URLClassLoader.java:74) ~[?:1.8.0_201]
	at java.net.URLClassLoader$1.run(URLClassLoader.java:369) ~[?:1.8.0_201]
	at java.net.URLClassLoader$1.run(URLClassLoader.java:363) ~[?:1.8.0_201]
	at java.security.AccessController.doPrivileged(Native Method) ~[?:1.8.0_201]
	at java.net.URLClassLoader.findClass(URLClassLoader.java:362) ~[?:1.8.0_201]
	at java.lang.ClassLoader.loadClass(ClassLoader.java:424) ~[?:1.8.0_201]
	at java.lang.ClassLoader.loadClass(ClassLoader.java:357) ~[?:1.8.0_201]
	at org.jmeterplugins.repository.Plugin.getJARPath(Plugin.java:202) [jmeter-plugins-manager-0.20.jar:?]
	at org.jmeterplugins.repository.Plugin.detectInstalledPlugin(Plugin.java:108) [jmeter-plugins-manager-0.20.jar:?]
	at org.jmeterplugins.repository.Plugin.detectInstalled(Plugin.java:97) [jmeter-plugins-manager-0.20.jar:?]
	at org.jmeterplugins.repository.PluginManager.load(PluginManager.java:84) [jmeter-plugins-manager-0.20.jar:?]
	at org.jmeterplugins.repository.PluginManagerMenuItem$1.run(PluginManagerMenuItem.java:41) [jmeter-plugins-manager-0.20.jar:?]
Caused by: java.lang.ClassNotFoundException: kg.apc.cmdtools.AbstractCMDTool
	at java.net.URLClassLoader.findClass(URLClassLoader.java:382) ~[?:1.8.0_201]
	at java.lang.ClassLoader.loadClass(ClassLoader.java:424) ~[?:1.8.0_201]
	at java.lang.ClassLoader.loadClass(ClassLoader.java:357) ~[?:1.8.0_201]
	... 16 more
2020-07-06 10:09:11,095 WARN o.j.r.Plugin: Unable to load class: kg.apc.cmdtools.FilterResultsTool
java.lang.NoClassDefFoundError: kg/apc/cmdtools/AbstractCMDTool
	at java.lang.ClassLoader.defineClass1(Native Method) ~[?:1.8.0_201]
	at java.lang.ClassLoader.defineClass(ClassLoader.java:763) ~[?:1.8.0_201]
	at java.security.SecureClassLoader.defineClass(SecureClassLoader.java:142) ~[?:1.8.0_201]
	at java.net.URLClassLoader.defineClass(URLClassLoader.java:468) ~[?:1.8.0_201]
	at java.net.URLClassLoader.access$100(URLClassLoader.java:74) ~[?:1.8.0_201]
	at java.net.URLClassLoader$1.run(URLClassLoader.java:369) ~[?:1.8.0_201]
	at java.net.URLClassLoader$1.run(URLClassLoader.java:363) ~[?:1.8.0_201]
	at java.security.AccessController.doPrivileged(Native Method) ~[?:1.8.0_201]
	at java.net.URLClassLoader.findClass(URLClassLoader.java:362) ~[?:1.8.0_201]
	at java.lang.ClassLoader.loadClass(ClassLoader.java:424) ~[?:1.8.0_201]
	at java.lang.ClassLoader.loadClass(ClassLoader.java:357) ~[?:1.8.0_201]
	at org.jmeterplugins.repository.Plugin.getJARPath(Plugin.java:202) [jmeter-plugins-manager-0.20.jar:?]
	at org.jmeterplugins.repository.Plugin.detectInstalledPlugin(Plugin.java:108) [jmeter-plugins-manager-0.20.jar:?]
	at org.jmeterplugins.repository.Plugin.detectInstalled(Plugin.java:97) [jmeter-plugins-manager-0.20.jar:?]
	at org.jmeterplugins.repository.PluginManager.load(PluginManager.java:84) [jmeter-plugins-manager-0.20.jar:?]
	at org.jmeterplugins.repository.PluginManagerMenuItem$1.run(PluginManagerMenuItem.java:41) [jmeter-plugins-manager-0.20.jar:?]
Caused by: java.lang.ClassNotFoundException: kg.apc.cmdtools.AbstractCMDTool
	at java.net.URLClassLoader.findClass(URLClassLoader.java:382) ~[?:1.8.0_201]
	at java.lang.ClassLoader.loadClass(ClassLoader.java:424) ~[?:1.8.0_201]
	at java.lang.ClassLoader.loadClass(ClassLoader.java:357) ~[?:1.8.0_201]
	... 16 more
2020-07-06 10:09:11,098 WARN o.j.r.Plugin: Unable to load class: kg.apc.cmdtools.TestPlanCheckTool
java.lang.NoClassDefFoundError: kg/apc/cmdtools/AbstractCMDTool
	at java.lang.ClassLoader.defineClass1(Native Method) ~[?:1.8.0_201]
	at java.lang.ClassLoader.defineClass(ClassLoader.java:763) ~[?:1.8.0_201]
	at java.security.SecureClassLoader.defineClass(SecureClassLoader.java:142) ~[?:1.8.0_201]
	at java.net.URLClassLoader.defineClass(URLClassLoader.java:468) ~[?:1.8.0_201]
	at java.net.URLClassLoader.access$100(URLClassLoader.java:74) ~[?:1.8.0_201]
	at java.net.URLClassLoader$1.run(URLClassLoader.java:369) ~[?:1.8.0_201]
	at java.net.URLClassLoader$1.run(URLClassLoader.java:363) ~[?:1.8.0_201]
	at java.security.AccessController.doPrivileged(Native Method) ~[?:1.8.0_201]
	at java.net.URLClassLoader.findClass(URLClassLoader.java:362) ~[?:1.8.0_201]
	at java.lang.ClassLoader.loadClass(ClassLoader.java:424) ~[?:1.8.0_201]
	at java.lang.ClassLoader.loadClass(ClassLoader.java:357) ~[?:1.8.0_201]
	at org.jmeterplugins.repository.Plugin.getJARPath(Plugin.java:202) [jmeter-plugins-manager-0.20.jar:?]
	at org.jmeterplugins.repository.Plugin.detectInstalledPlugin(Plugin.java:108) [jmeter-plugins-manager-0.20.jar:?]
	at org.jmeterplugins.repository.Plugin.detectInstalled(Plugin.java:97) [jmeter-plugins-manager-0.20.jar:?]
	at org.jmeterplugins.repository.PluginManager.load(PluginManager.java:84) [jmeter-plugins-manager-0.20.jar:?]
	at org.jmeterplugins.repository.PluginManagerMenuItem$1.run(PluginManagerMenuItem.java:41) [jmeter-plugins-manager-0.20.jar:?]
Caused by: java.lang.ClassNotFoundException: kg.apc.cmdtools.AbstractCMDTool
	at java.net.URLClassLoader.findClass(URLClassLoader.java:382) ~[?:1.8.0_201]
	at java.lang.ClassLoader.loadClass(ClassLoader.java:424) ~[?:1.8.0_201]
	at java.lang.ClassLoader.loadClass(ClassLoader.java:357) ~[?:1.8.0_201]
	... 16 more
2020-07-06 10:09:16,366 INFO o.j.r.PluginManager: Plugins Status: [jpgc-graphs-basic=0.0.0-STOCK, jpgc-sense=0.0.0-STOCK, jpgc-graphs-composite=0.0.0-STOCK, jpgc-csl=0.0.0-STOCK, jpgc-functions=0.0.0-STOCK, jpgc-casutg=0.0.0-STOCK, jpgc-dummy=0.0.0-STOCK, jpgc-ffw=0.0.0-STOCK, jpgc-fifo=0.0.0-STOCK, jpgc-mergeresults=0.0.0-STOCK, jpgc-perfmon=0.0.0-STOCK, jpgc-plugins-manager=0.20, jpgc-synthesis=0.0.0-STOCK, jpgc-tst=0.0.0-STOCK, jpgc-wsc=0.0.0-STOCK, jmeter-core=5.1.1, jmeter-ftp=5.1.1, jmeter-http=5.1.1, jmeter-jdbc=5.1.1, jmeter-jms=5.1.1, jmeter-junit=5.1.1, jmeter-java=5.1.1, jmeter-ldap=5.1.1, jmeter-mail=5.1.1, jmeter-mongodb=5.1.1, jmeter-native=5.1.1, jmeter-tcp=5.1.1, jmeter-components=5.1.1, jpgc-standard=2.0]
2020-07-06 10:09:16,370 INFO o.j.r.PluginManagerMenuItem: Plugins Manager has upgrades: [jpgc-graphs-basic, jpgc-sense, jpgc-graphs-composite, jpgc-csl, jpgc-functions, jpgc-casutg, jpgc-dummy, jpgc-ffw, jpgc-fifo, jpgc-mergeresults, jpgc-perfmon, jpgc-plugins-manager, jpgc-synthesis, jpgc-tst, jpgc-wsc]
2020-07-06 10:12:19,272 INFO o.a.j.g.a.Load: Loading file: /Users/xmly/work/performancetesting/oms原单导入.jmx
2020-07-06 10:12:19,273 INFO o.a.j.s.FileServer: Set new base='/Users/xmly/work/performancetesting'
2020-07-06 10:12:19,616 INFO o.a.j.s.SaveService: Testplan (JMX) version: 2.2. Testlog (JTL) version: 2.2
2020-07-06 10:12:19,624 INFO o.a.j.s.SaveService: Using SaveService properties file encoding UTF-8
2020-07-06 10:12:19,630 INFO o.a.j.s.SaveService: Using SaveService properties version 5.0
2020-07-06 10:12:19,638 INFO o.a.j.s.SaveService: Loading file: /Users/xmly/work/performancetesting/oms原单导入.jmx
2020-07-06 10:12:19,640 WARN o.j.r.p.TestPlanAnalyzer: Cannot parse file: /Users/xmly/work/performancetesting/oms原单导入.jmx
java.net.MalformedURLException: no protocol: /Users/xmly/work/performancetesting/oms原单导入.jmx
	at java.net.URL.<init>(URL.java:593) ~[?:1.8.0_201]
	at java.net.URL.<init>(URL.java:490) ~[?:1.8.0_201]
	at java.net.URL.<init>(URL.java:439) ~[?:1.8.0_201]
	at org.apache.xerces.impl.XMLEntityManager.setupCurrentEntity(Unknown Source) ~[xercesImpl-2.12.0.jar:2.12.0]
	at org.apache.xerces.impl.XMLVersionDetector.determineDocVersion(Unknown Source) ~[xercesImpl-2.12.0.jar:2.12.0]
	at org.apache.xerces.parsers.XML11Configuration.parse(Unknown Source) ~[xercesImpl-2.12.0.jar:?]
	at org.apache.xerces.parsers.XML11Configuration.parse(Unknown Source) ~[xercesImpl-2.12.0.jar:?]
	at org.apache.xerces.parsers.XMLParser.parse(Unknown Source) ~[xercesImpl-2.12.0.jar:?]
	at org.apache.xerces.parsers.DOMParser.parse(Unknown Source) ~[xercesImpl-2.12.0.jar:?]
	at org.apache.xerces.jaxp.DocumentBuilderImpl.parse(Unknown Source) ~[xercesImpl-2.12.0.jar:?]
	at javax.xml.parsers.DocumentBuilder.parse(DocumentBuilder.java:177) ~[?:1.8.0_201]
	at org.jmeterplugins.repository.plugins.TestPlanAnalyzer.getNodeListWithClassNames(TestPlanAnalyzer.java:58) ~[jmeter-plugins-manager-0.20.jar:?]
	at org.jmeterplugins.repository.plugins.TestPlanAnalyzer.analyze(TestPlanAnalyzer.java:32) ~[jmeter-plugins-manager-0.20.jar:?]
	at org.jmeterplugins.repository.plugins.PluginSuggester.analyzeTestPlan(PluginSuggester.java:51) ~[jmeter-plugins-manager-0.20.jar:?]
	at org.jmeterplugins.repository.plugins.PluginSuggester.findPluginsToInstall(PluginSuggester.java:44) ~[jmeter-plugins-manager-0.20.jar:?]
	at org.jmeterplugins.repository.plugins.PluginSuggester.checkAndSuggest(PluginSuggester.java:28) ~[jmeter-plugins-manager-0.20.jar:?]
	at org.jmeterplugins.repository.logging.LoggerAppender.append(LoggerAppender.java:33) ~[jmeter-plugins-manager-0.20.jar:?]
	at org.apache.logging.log4j.core.config.AppenderControl.tryCallAppender(AppenderControl.java:156) ~[log4j-core-2.11.1.jar:2.11.1]
	at org.apache.logging.log4j.core.config.AppenderControl.callAppender0(AppenderControl.java:129) ~[log4j-core-2.11.1.jar:2.11.1]
	at org.apache.logging.log4j.core.config.AppenderControl.callAppenderPreventRecursion(AppenderControl.java:120) ~[log4j-core-2.11.1.jar:2.11.1]
	at org.apache.logging.log4j.core.config.AppenderControl.callAppender(AppenderControl.java:84) ~[log4j-core-2.11.1.jar:2.11.1]
	at org.apache.logging.log4j.core.config.LoggerConfig.callAppenders(LoggerConfig.java:464) ~[log4j-core-2.11.1.jar:2.11.1]
	at org.apache.logging.log4j.core.config.LoggerConfig.processLogEvent(LoggerConfig.java:448) ~[log4j-core-2.11.1.jar:2.11.1]
	at org.apache.logging.log4j.core.config.LoggerConfig.log(LoggerConfig.java:431) ~[log4j-core-2.11.1.jar:2.11.1]
	at org.apache.logging.log4j.core.config.LoggerConfig.log(LoggerConfig.java:406) ~[log4j-core-2.11.1.jar:2.11.1]
	at org.apache.logging.log4j.core.config.AwaitCompletionReliabilityStrategy.log(AwaitCompletionReliabilityStrategy.java:63) ~[log4j-core-2.11.1.jar:2.11.1]
	at org.apache.logging.log4j.core.Logger.logMessage(Logger.java:146) ~[log4j-core-2.11.1.jar:2.11.1]
	at org.apache.logging.log4j.spi.AbstractLogger.tryLogMessage(AbstractLogger.java:2170) ~[log4j-api-2.11.1.jar:2.11.1]
	at org.apache.logging.log4j.spi.AbstractLogger.logMessageTrackRecursion(AbstractLogger.java:2125) ~[log4j-api-2.11.1.jar:2.11.1]
	at org.apache.logging.log4j.spi.AbstractLogger.logMessageSafely(AbstractLogger.java:2108) ~[log4j-api-2.11.1.jar:2.11.1]
	at org.apache.logging.log4j.spi.AbstractLogger.logMessage(AbstractLogger.java:2019) ~[log4j-api-2.11.1.jar:2.11.1]
	at org.apache.logging.log4j.spi.AbstractLogger.logIfEnabled(AbstractLogger.java:1890) ~[log4j-api-2.11.1.jar:2.11.1]
	at org.apache.logging.slf4j.Log4jLogger.info(Log4jLogger.java:184) ~[log4j-slf4j-impl-2.11.1.jar:2.11.1]
	at org.apache.jmeter.save.SaveService.loadTree(SaveService.java:428) ~[ApacheJMeter_core.jar:5.1.1 r1855137]
	at org.apache.jmeter.gui.action.Load.loadProjectFile(Load.java:130) ~[ApacheJMeter_core.jar:5.1.1 r1855137]
	at org.apache.jmeter.gui.action.Load.loadProjectFile(Load.java:102) ~[ApacheJMeter_core.jar:5.1.1 r1855137]
	at org.apache.jmeter.gui.action.Load.doActionAfterCheck(Load.java:89) ~[ApacheJMeter_core.jar:5.1.1 r1855137]
	at org.apache.jmeter.gui.action.AbstractActionWithNoRunningTest.doAction(AbstractActionWithNoRunningTest.java:45) ~[ApacheJMeter_core.jar:5.1.1 r1855137]
	at org.apache.jmeter.gui.action.ActionRouter.performAction(ActionRouter.java:88) ~[ApacheJMeter_core.jar:5.1.1 r1855137]
	at org.apache.jmeter.gui.action.ActionRouter.lambda$actionPerformed$0(ActionRouter.java:70) ~[ApacheJMeter_core.jar:5.1.1 r1855137]
	at java.awt.event.InvocationEvent.dispatch(InvocationEvent.java:311) [?:1.8.0_201]
	at java.awt.EventQueue.dispatchEventImpl(EventQueue.java:758) [?:1.8.0_201]
	at java.awt.EventQueue.access$500(EventQueue.java:97) [?:1.8.0_201]
	at java.awt.EventQueue$3.run(EventQueue.java:709) [?:1.8.0_201]
	at java.awt.EventQueue$3.run(EventQueue.java:703) [?:1.8.0_201]
	at java.security.AccessController.doPrivileged(Native Method) [?:1.8.0_201]
	at java.security.ProtectionDomain$JavaSecurityAccessImpl.doIntersectionPrivilege(ProtectionDomain.java:74) [?:1.8.0_201]
	at java.awt.EventQueue.dispatchEvent(EventQueue.java:728) [?:1.8.0_201]
	at java.awt.EventDispatchThread.pumpOneEventForFilters(EventDispatchThread.java:205) [?:1.8.0_201]
	at java.awt.EventDispatchThread.pumpEventsForFilter(EventDispatchThread.java:116) [?:1.8.0_201]
	at java.awt.EventDispatchThread.pumpEventsForHierarchy(EventDispatchThread.java:105) [?:1.8.0_201]
	at java.awt.EventDispatchThread.pumpEvents(EventDispatchThread.java:101) [?:1.8.0_201]
	at java.awt.EventDispatchThread.pumpEvents(EventDispatchThread.java:93) [?:1.8.0_201]
	at java.awt.EventDispatchThread.run(EventDispatchThread.java:82) [?:1.8.0_201]
2020-07-06 10:12:20,105 INFO o.a.j.e.u.CompoundVariable: Note: Function class names must contain the string: '.functions.'
2020-07-06 10:12:20,106 INFO o.a.j.e.u.CompoundVariable: Note: Function class names must not contain the string: '.gui.'
2020-07-06 10:12:21,585 INFO o.a.j.s.FileServer: Set new base='/Users/xmly/work/performancetesting'
2020-07-06 10:13:53,448 INFO o.a.j.u.JMeterUtils: Setting Locale to zh_CN
2020-07-06 10:16:40,173 INFO o.a.j.e.StandardJMeterEngine: Running the test!
2020-07-06 10:16:40,182 INFO o.a.j.s.SampleEvent: List of sample_variables: []
2020-07-06 10:16:40,182 INFO o.a.j.s.SampleEvent: List of sample_variables: []
2020-07-06 10:16:40,208 INFO o.a.j.g.u.JMeterMenuBar: setRunning(true, *local*)
2020-07-06 10:16:40,408 INFO o.a.j.e.StandardJMeterEngine: Starting ThreadGroup: 1 : oms原单导入-测试环境-rps模式
2020-07-06 10:16:40,410 INFO o.a.j.e.StandardJMeterEngine: Starting 1 threads for group oms原单导入-测试环境-rps模式.
2020-07-06 10:16:40,410 INFO o.a.j.e.StandardJMeterEngine: Thread will continue on error
2020-07-06 10:16:40,414 INFO o.a.j.t.ThreadGroup: Starting thread group... number=1 threads=1 ramp-up=0 delayedStart=false
2020-07-06 10:16:40,453 INFO o.a.j.t.ThreadGroup: Started thread group number 1
2020-07-06 10:16:40,454 INFO o.a.j.e.StandardJMeterEngine: All thread groups have been started
2020-07-06 10:16:40,459 INFO o.a.j.t.JMeterThread: Thread started: oms原单导入-测试环境-rps模式 1-1
2020-07-06 10:16:40,467 WARN o.a.j.c.RandomVariableConfig: maximum(9999999999) - minimum(1111111111) must be <= 2147483647
2020-07-06 10:16:40,492 INFO o.a.j.u.BeanShellTestElement: 3c2c2b76cd59913958840471e30a1e1c
2020-07-06 10:16:40,508 INFO o.a.j.p.h.s.HTTPHCAbstractImpl: Local host = xmlydeMacBook-Pro.local
2020-07-06 10:16:40,520 INFO o.a.j.p.h.s.HTTPHC4Impl: HTTP request retry count = 0
2020-07-06 10:16:40,790 INFO o.a.j.t.JMeterThread: Thread is done: oms原单导入-测试环境-rps模式 1-1
2020-07-06 10:16:40,790 INFO o.a.j.t.JMeterThread: Thread finished: oms原单导入-测试环境-rps模式 1-1
2020-07-06 10:16:40,791 INFO o.a.j.e.StandardJMeterEngine: Notifying test listeners of end of test
2020-07-06 10:16:40,792 INFO o.a.j.g.u.JMeterMenuBar: setRunning(false, *local*)
2020-07-06 10:17:17,018 INFO o.a.j.e.StandardJMeterEngine: Running the test!
2020-07-06 10:17:17,020 INFO o.a.j.s.SampleEvent: List of sample_variables: []
2020-07-06 10:17:17,056 INFO o.a.j.g.u.JMeterMenuBar: setRunning(true, *local*)
2020-07-06 10:17:17,402 INFO o.a.j.e.StandardJMeterEngine: Starting ThreadGroup: 1 : oms原单导入-测试环境-rps模式
2020-07-06 10:17:17,402 INFO o.a.j.e.StandardJMeterEngine: Starting 1 threads for group oms原单导入-测试环境-rps模式.
2020-07-06 10:17:17,402 INFO o.a.j.e.StandardJMeterEngine: Thread will continue on error
2020-07-06 10:17:17,402 INFO o.a.j.t.ThreadGroup: Starting thread group... number=1 threads=1 ramp-up=0 delayedStart=false
2020-07-06 10:17:17,424 INFO o.a.j.t.ThreadGroup: Started thread group number 1
2020-07-06 10:17:17,426 INFO o.a.j.e.StandardJMeterEngine: All thread groups have been started
2020-07-06 10:17:17,429 INFO o.a.j.t.JMeterThread: Thread started: oms原单导入-测试环境-rps模式 1-1
2020-07-06 10:17:17,431 WARN o.a.j.c.RandomVariableConfig: maximum(9999999999) - minimum(1111111111) must be <= 2147483647
2020-07-06 10:17:17,445 INFO o.a.j.u.BeanShellTestElement: 91645b8760c7aab6c919a9bf799b2854
2020-07-06 10:17:17,576 INFO o.a.j.u.BeanShellTestElement: 91645b8760c7aab6c919a9bf799b2854
2020-07-06 10:17:17,852 INFO o.a.j.t.JMeterThread: Thread is done: oms原单导入-测试环境-rps模式 1-1
2020-07-06 10:17:17,852 INFO o.a.j.t.JMeterThread: Thread finished: oms原单导入-测试环境-rps模式 1-1
2020-07-06 10:17:17,853 INFO o.a.j.e.StandardJMeterEngine: Notifying test listeners of end of test
2020-07-06 10:17:17,853 INFO o.a.j.g.u.JMeterMenuBar: setRunning(false, *local*)
2020-07-06 10:18:02,006 INFO o.a.j.e.StandardJMeterEngine: Running the test!
2020-07-06 10:18:02,008 INFO o.a.j.s.SampleEvent: List of sample_variables: []
2020-07-06 10:18:02,018 INFO o.a.j.g.u.JMeterMenuBar: setRunning(true, *local*)
2020-07-06 10:18:02,220 INFO o.a.j.e.StandardJMeterEngine: Starting ThreadGroup: 1 : oms原单导入-测试环境-rps模式
2020-07-06 10:18:02,221 INFO o.a.j.e.StandardJMeterEngine: Starting 1 threads for group oms原单导入-测试环境-rps模式.
2020-07-06 10:18:02,221 INFO o.a.j.e.StandardJMeterEngine: Thread will continue on error
2020-07-06 10:18:02,222 INFO o.a.j.t.ThreadGroup: Starting thread group... number=1 threads=1 ramp-up=0 delayedStart=false
2020-07-06 10:18:02,251 INFO o.a.j.t.ThreadGroup: Started thread group number 1
2020-07-06 10:18:02,254 INFO o.a.j.e.StandardJMeterEngine: All thread groups have been started
2020-07-06 10:18:02,254 INFO o.a.j.t.JMeterThread: Thread started: oms原单导入-测试环境-rps模式 1-1
2020-07-06 10:18:02,257 WARN o.a.j.c.RandomVariableConfig: maximum(9999999999) - minimum(1111111111) must be <= 2147483647
2020-07-06 10:18:02,276 INFO o.a.j.u.BeanShellTestElement: 17e3cb725f935b86f14b6f7ff5538c02
2020-07-06 10:18:02,391 INFO o.a.j.u.BeanShellTestElement: 17e3cb725f935b86f14b6f7ff5538c02
2020-07-06 10:18:02,635 INFO o.a.j.t.JMeterThread: Thread is done: oms原单导入-测试环境-rps模式 1-1
2020-07-06 10:18:02,635 INFO o.a.j.t.JMeterThread: Thread finished: oms原单导入-测试环境-rps模式 1-1
2020-07-06 10:18:02,636 INFO o.a.j.e.StandardJMeterEngine: Notifying test listeners of end of test
2020-07-06 10:18:02,636 INFO o.a.j.g.u.JMeterMenuBar: setRunning(false, *local*)
2020-07-06 10:19:31,962 INFO o.a.j.e.StandardJMeterEngine: Running the test!
2020-07-06 10:19:31,967 INFO o.a.j.s.SampleEvent: List of sample_variables: []
2020-07-06 10:19:31,982 INFO o.a.j.g.u.JMeterMenuBar: setRunning(true, *local*)
2020-07-06 10:19:32,214 INFO o.a.j.e.StandardJMeterEngine: Starting ThreadGroup: 1 : oms原单导入-测试环境-rps模式
2020-07-06 10:19:32,214 INFO o.a.j.e.StandardJMeterEngine: Starting 1 threads for group oms原单导入-测试环境-rps模式.
2020-07-06 10:19:32,214 INFO o.a.j.e.StandardJMeterEngine: Thread will continue on error
2020-07-06 10:19:32,214 INFO o.a.j.t.ThreadGroup: Starting thread group... number=1 threads=1 ramp-up=0 delayedStart=false
2020-07-06 10:19:32,235 INFO o.a.j.t.ThreadGroup: Started thread group number 1
2020-07-06 10:19:32,235 INFO o.a.j.e.StandardJMeterEngine: All thread groups have been started
2020-07-06 10:19:32,239 INFO o.a.j.t.JMeterThread: Thread started: oms原单导入-测试环境-rps模式 1-1
2020-07-06 10:19:32,240 WARN o.a.j.c.RandomVariableConfig: maximum(9999999999) - minimum(1111111111) must be <= 2147483647
2020-07-06 10:19:32,247 INFO o.a.j.u.BeanShellTestElement: cd637ab59825a525b1271221ea247a99
2020-07-06 10:19:32,388 INFO o.a.j.u.BeanShellTestElement: cd637ab59825a525b1271221ea247a99
2020-07-06 10:19:32,703 INFO o.a.j.t.JMeterThread: Thread is done: oms原单导入-测试环境-rps模式 1-1
2020-07-06 10:19:32,703 INFO o.a.j.t.JMeterThread: Thread finished: oms原单导入-测试环境-rps模式 1-1
2020-07-06 10:19:32,711 INFO o.a.j.e.StandardJMeterEngine: Notifying test listeners of end of test
2020-07-06 10:19:32,711 INFO o.a.j.g.u.JMeterMenuBar: setRunning(false, *local*)
2020-07-06 11:12:29,180 INFO o.a.j.e.StandardJMeterEngine: Running the test!
2020-07-06 11:12:29,187 INFO o.a.j.s.SampleEvent: List of sample_variables: []
2020-07-06 11:12:29,197 INFO o.a.j.g.u.JMeterMenuBar: setRunning(true, *local*)
2020-07-06 11:12:29,672 INFO o.a.j.e.StandardJMeterEngine: Starting ThreadGroup: 1 : oms原单导入-测试环境-rps模式
2020-07-06 11:12:29,672 INFO o.a.j.e.StandardJMeterEngine: Starting 1 threads for group oms原单导入-测试环境-rps模式.
2020-07-06 11:12:29,672 INFO o.a.j.e.StandardJMeterEngine: Thread will continue on error
2020-07-06 11:12:29,672 INFO o.a.j.t.ThreadGroup: Starting thread group... number=1 threads=1 ramp-up=0 delayedStart=false
2020-07-06 11:12:29,684 INFO o.a.j.t.ThreadGroup: Started thread group number 1
2020-07-06 11:12:29,685 INFO o.a.j.e.StandardJMeterEngine: All thread groups have been started
2020-07-06 11:12:29,687 INFO o.a.j.t.JMeterThread: Thread started: oms原单导入-测试环境-rps模式 1-1
2020-07-06 11:12:29,687 WARN o.a.j.c.RandomVariableConfig: maximum(9999999999) - minimum(1111111111) must be <= 2147483647
2020-07-06 11:12:29,703 INFO o.a.j.u.BeanShellTestElement: 4909d75ed8be7563a3c0d83e14f435c6
2020-07-06 11:12:30,638 INFO o.a.j.u.BeanShellTestElement: 4909d75ed8be7563a3c0d83e14f435c6
2020-07-06 11:12:30,720 INFO o.a.j.u.BeanShellTestElement: 4909d75ed8be7563a3c0d83e14f435c6
2020-07-06 11:12:30,964 INFO o.a.j.t.JMeterThread: Thread is done: oms原单导入-测试环境-rps模式 1-1
2020-07-06 11:12:30,965 INFO o.a.j.t.JMeterThread: Thread finished: oms原单导入-测试环境-rps模式 1-1
2020-07-06 11:12:30,965 INFO o.a.j.e.StandardJMeterEngine: Notifying test listeners of end of test
2020-07-06 11:12:30,966 INFO o.a.j.g.u.JMeterMenuBar: setRunning(false, *local*)
2020-07-06 11:36:58,599 INFO o.a.j.e.StandardJMeterEngine: Running the test!
2020-07-06 11:36:58,611 INFO o.a.j.s.SampleEvent: List of sample_variables: []
2020-07-06 11:36:58,631 INFO o.a.j.g.u.JMeterMenuBar: setRunning(true, *local*)
2020-07-06 11:36:59,161 INFO o.a.j.e.StandardJMeterEngine: Starting ThreadGroup: 1 : oms原单导入-测试环境-rps模式
2020-07-06 11:36:59,161 INFO o.a.j.e.StandardJMeterEngine: Starting 1 threads for group oms原单导入-测试环境-rps模式.
2020-07-06 11:36:59,161 INFO o.a.j.e.StandardJMeterEngine: Thread will continue on error
2020-07-06 11:36:59,161 INFO o.a.j.t.ThreadGroup: Starting thread group... number=1 threads=1 ramp-up=0 delayedStart=false
2020-07-06 11:36:59,169 INFO o.a.j.t.ThreadGroup: Started thread group number 1
2020-07-06 11:36:59,169 INFO o.a.j.e.StandardJMeterEngine: All thread groups have been started
2020-07-06 11:36:59,174 INFO o.a.j.t.JMeterThread: Thread started: oms原单导入-测试环境-rps模式 1-1
2020-07-06 11:36:59,175 WARN o.a.j.c.RandomVariableConfig: maximum(9999999999) - minimum(1111111111) must be <= 2147483647
2020-07-06 11:36:59,207 INFO o.a.j.u.BeanShellTestElement: b33dd0242d9cf79fc2bc5784f61a8b1a
2020-07-06 11:36:59,477 INFO o.a.j.u.BeanShellTestElement: b33dd0242d9cf79fc2bc5784f61a8b1a
2020-07-06 11:36:59,563 INFO o.a.j.u.BeanShellTestElement: b33dd0242d9cf79fc2bc5784f61a8b1a
2020-07-06 11:36:59,656 INFO o.a.j.t.JMeterThread: Thread is done: oms原单导入-测试环境-rps模式 1-1
2020-07-06 11:36:59,657 INFO o.a.j.t.JMeterThread: Thread finished: oms原单导入-测试环境-rps模式 1-1
2020-07-06 11:36:59,658 INFO o.a.j.e.StandardJMeterEngine: Notifying test listeners of end of test
2020-07-06 11:36:59,658 INFO o.a.j.g.u.JMeterMenuBar: setRunning(false, *local*)
